<?xml version="1.0" encoding="UTF-8"?>
<!-- Generated by org.testng.reporters.JUnitReportReporter -->
<testsuite hostname="DESKTOP-UGE8O5E" name="shaadiAppLoginPageVerify.LoginPageVerify" tests="1" failures="0" timestamp="10 Jan 2021 10:32:44 GMT" time="38.483" errors="1">
  <testcase name="verifyShaadiApp" time="38.483" classname="shaadiAppLoginPageVerify.LoginPageVerify">
    <error type="org.openqa.selenium.UnsupportedCommandException" message="Method is not implemented
Build info: version: &#039;3.141.59&#039;, revision: &#039;e82be7d358&#039;, time: &#039;2018-11-14T08:17:03&#039;
System info: host: &#039;DESKTOP-UGE8O5E&#039;, ip: &#039;192.168.43.138&#039;, os.name: &#039;Windows 10&#039;, os.arch: &#039;amd64&#039;, os.version: &#039;10.0&#039;, java.version: &#039;1.8.0_191&#039;
Driver info: org.openqa.selenium.remote.RemoteWebDriver
Capabilities {appActivity: com.shaadi.android.ui.main...., appPackage: com.shaadi.android, databaseEnabled: false, desired: {appActivity: com.shaadi.android.ui.main...., appPackage: com.shaadi.android, deviceName: OnePlus6T, noReset: true, platformName: android}, deviceApiLevel: 29, deviceManufacturer: OnePlus, deviceModel: ONEPLUS A6010, deviceName: b1bb8394, deviceScreenDensity: 420, deviceScreenSize: 1080x2340, deviceUDID: b1bb8394, javascriptEnabled: true, locationContextEnabled: false, networkConnectionEnabled: true, noReset: true, pixelRatio: 2.625, platform: LINUX, platformName: LINUX, platformVersion: 10, statBarHeight: 80, takesScreenshot: true, viewportRect: {height: 2180, left: 0, top: 80, width: 1080}, warnings: {}, webStorageEnabled: false}
Session ID: a6f52750-b08c-4cca-8d13-3d2718fb213e">
      <![CDATA[org.openqa.selenium.UnsupportedCommandException: Method is not implemented
Build info: version: '3.141.59', revision: 'e82be7d358', time: '2018-11-14T08:17:03'
System info: host: 'DESKTOP-UGE8O5E', ip: '192.168.43.138', os.name: 'Windows 10', os.arch: 'amd64', os.version: '10.0', java.version: '1.8.0_191'
Driver info: org.openqa.selenium.remote.RemoteWebDriver
Capabilities {appActivity: com.shaadi.android.ui.main...., appPackage: com.shaadi.android, databaseEnabled: false, desired: {appActivity: com.shaadi.android.ui.main...., appPackage: com.shaadi.android, deviceName: OnePlus6T, noReset: true, platformName: android}, deviceApiLevel: 29, deviceManufacturer: OnePlus, deviceModel: ONEPLUS A6010, deviceName: b1bb8394, deviceScreenDensity: 420, deviceScreenSize: 1080x2340, deviceUDID: b1bb8394, javascriptEnabled: true, locationContextEnabled: false, networkConnectionEnabled: true, noReset: true, pixelRatio: 2.625, platform: LINUX, platformName: LINUX, platformVersion: 10, statBarHeight: 80, takesScreenshot: true, viewportRect: {height: 2180, left: 0, top: 80, width: 1080}, warnings: {}, webStorageEnabled: false}
Session ID: a6f52750-b08c-4cca-8d13-3d2718fb213e
	at sun.reflect.NativeConstructorAccessorImpl.newInstance0(Native Method)
	at sun.reflect.NativeConstructorAccessorImpl.newInstance(Unknown Source)
	at sun.reflect.DelegatingConstructorAccessorImpl.newInstance(Unknown Source)
	at java.lang.reflect.Constructor.newInstance(Unknown Source)
	at org.openqa.selenium.remote.http.W3CHttpResponseCodec.createException(W3CHttpResponseCodec.java:187)
	at org.openqa.selenium.remote.http.W3CHttpResponseCodec.decode(W3CHttpResponseCodec.java:122)
	at org.openqa.selenium.remote.http.W3CHttpResponseCodec.decode(W3CHttpResponseCodec.java:49)
	at org.openqa.selenium.remote.HttpCommandExecutor.execute(HttpCommandExecutor.java:158)
	at org.openqa.selenium.remote.RemoteWebDriver.execute(RemoteWebDriver.java:552)
	at org.openqa.selenium.remote.RemoteWebElement.execute(RemoteWebElement.java:285)
	at org.openqa.selenium.remote.RemoteWebElement.isDisplayed(RemoteWebElement.java:326)
	at sun.reflect.NativeMethodAccessorImpl.invoke0(Native Method)
	at sun.reflect.NativeMethodAccessorImpl.invoke(Unknown Source)
	at sun.reflect.DelegatingMethodAccessorImpl.invoke(Unknown Source)
	at java.lang.reflect.Method.invoke(Unknown Source)
	at org.openqa.selenium.support.pagefactory.internal.LocatingElementHandler.invoke(LocatingElementHandler.java:51)
	at com.sun.proxy.$Proxy8.isDisplayed(Unknown Source)
	at pages.LoginPage.verifyPremiumMatchesWidgets(LoginPage.java:45)
	at shaadiAppLoginPageVerify.LoginPageVerify.verifyShaadiApp(LoginPageVerify.java:44)
	at sun.reflect.NativeMethodAccessorImpl.invoke0(Native Method)
	at sun.reflect.NativeMethodAccessorImpl.invoke(Unknown Source)
	at sun.reflect.DelegatingMethodAccessorImpl.invoke(Unknown Source)
	at java.lang.reflect.Method.invoke(Unknown Source)
	at org.testng.internal.MethodInvocationHelper.invokeMethod(MethodInvocationHelper.java:85)
	at org.testng.internal.Invoker.invokeMethod(Invoker.java:659)
	at org.testng.internal.Invoker.invokeTestMethod(Invoker.java:845)
	at org.testng.internal.Invoker.invokeTestMethods(Invoker.java:1153)
	at org.testng.internal.TestMethodWorker.invokeTestMethods(TestMethodWorker.java:125)
	at org.testng.internal.TestMethodWorker.run(TestMethodWorker.java:108)
	at org.testng.TestRunner.privateRun(TestRunner.java:771)
	at org.testng.TestRunner.run(TestRunner.java:621)
	at org.testng.SuiteRunner.runTest(SuiteRunner.java:357)
	at org.testng.SuiteRunner.runSequentially(SuiteRunner.java:352)
	at org.testng.SuiteRunner.privateRun(SuiteRunner.java:310)
	at org.testng.SuiteRunner.run(SuiteRunner.java:259)
	at org.testng.SuiteRunnerWorker.runSuite(SuiteRunnerWorker.java:52)
	at org.testng.SuiteRunnerWorker.run(SuiteRunnerWorker.java:86)
	at org.testng.TestNG.runSuitesSequentially(TestNG.java:1199)
	at org.testng.TestNG.runSuitesLocally(TestNG.java:1124)
	at org.testng.TestNG.run(TestNG.java:1032)
	at org.testng.remote.AbstractRemoteTestNG.run(AbstractRemoteTestNG.java:115)
	at org.testng.remote.RemoteTestNG.initAndRun(RemoteTestNG.java:251)
	at org.testng.remote.RemoteTestNG.main(RemoteTestNG.java:77)
]]>
    </error>
  </testcase> <!-- verifyShaadiApp -->
</testsuite> <!-- shaadiAppLoginPageVerify.LoginPageVerify -->
